"2022-07-11 15:12:08 [main] INFO  c.c.c.CalculateNetworthApplicationTests - Starting CalculateNetworthApplicationTests using Java 18.0.1.1 on DESKTOP-CKEOMJT with PID 10920 (started by AshirwadComp in F:\Portfolio_Management_System\CalculateNetworth)
""2022-07-11 15:12:08 [main] INFO  c.c.c.CalculateNetworthApplicationTests - No active profile set, falling back to 1 default profile: "default"
""2022-07-11 15:12:18 [main] INFO  o.s.d.r.c.RepositoryConfigurationDelegate - Bootstrapping Spring Data JPA repositories in DEFAULT mode.
""2022-07-11 15:12:22 [main] INFO  o.s.d.r.c.RepositoryConfigurationDelegate - Finished Spring Data repository scanning in 4175 ms. Found 3 JPA repository interfaces.
""2022-07-11 15:12:24 [main] INFO  o.s.cloud.context.scope.GenericScope - BeanFactory id=c795f968-27bf-33be-8216-ba13cb118e8e
""2022-07-11 15:12:27 [main] INFO  com.zaxxer.hikari.HikariDataSource - HikariPool-1 - Starting...
""2022-07-11 15:12:29 [main] INFO  com.zaxxer.hikari.HikariDataSource - HikariPool-1 - Start completed.
""2022-07-11 15:12:31 [main] INFO  o.h.jpa.internal.util.LogHelper - HHH000204: Processing PersistenceUnitInfo [name: default]
""2022-07-11 15:12:32 [main] INFO  org.hibernate.Version - HHH000412: Hibernate ORM core version 5.6.5.Final
""2022-07-11 15:12:37 [main] INFO  o.h.annotations.common.Version - HCANN000001: Hibernate Commons Annotations {5.1.2.Final}
""2022-07-11 15:12:40 [main] INFO  org.hibernate.dialect.Dialect - HHH000400: Using dialect: org.hibernate.dialect.H2Dialect
""2022-07-11 15:12:47 [main] INFO  o.h.e.t.j.p.i.JtaPlatformInitiator - HHH000490: Using JtaPlatform implementation: [org.hibernate.engine.transaction.jta.platform.internal.NoJtaPlatform]
""2022-07-11 15:12:47 [main] INFO  o.s.o.j.LocalContainerEntityManagerFactoryBean - Initialized JPA EntityManagerFactory for persistence unit 'default'
""2022-07-11 15:12:49 [main] WARN  o.s.b.a.o.j.JpaBaseConfiguration$JpaWebConfiguration - spring.jpa.open-in-view is enabled by default. Therefore, database queries may be performed during view rendering. Explicitly configure spring.jpa.open-in-view to disable this warning
""2022-07-11 15:12:49 [main] INFO  o.s.b.a.h.H2ConsoleAutoConfiguration - H2 console available at '/h2-console'. Database available at 'jdbc:h2:mem:pms'
""2022-07-11 15:12:56 [main] INFO  c.c.c.CalculateNetworthApplicationTests - Started CalculateNetworthApplicationTests in 50.444 seconds (JVM running for 53.438)
""2022-07-11 15:12:57 [main] INFO  o.s.b.t.a.w.s.WebMvcTestContextBootstrapper - Neither @ContextConfiguration nor @ContextHierarchy found for test class [com.cts.calculatenetworth.controller.NetworthControllerTest], using SpringBootContextLoader
""2022-07-11 15:12:57 [main] INFO  o.s.t.c.s.AbstractContextLoader - Could not detect default resource locations for test class [com.cts.calculatenetworth.controller.NetworthControllerTest]: no resource found for suffixes {-context.xml, Context.groovy}.
""2022-07-11 15:12:57 [main] INFO  o.s.t.c.s.AnnotationConfigContextLoaderUtils - Could not detect default configuration classes for test class [com.cts.calculatenetworth.controller.NetworthControllerTest]: NetworthControllerTest does not declare any static, non-private, non-final, nested classes annotated with @Configuration.
""2022-07-11 15:12:57 [main] INFO  o.s.b.t.c.SpringBootTestContextBootstrapper - Found @SpringBootConfiguration com.cts.calculatenetworth.CalculateNetworthApplication for test class com.cts.calculatenetworth.controller.NetworthControllerTest
""2022-07-11 15:12:57 [main] INFO  o.s.b.t.a.w.s.WebMvcTestContextBootstrapper - Loaded default TestExecutionListener class names from location [META-INF/spring.factories]: [org.springframework.boot.test.mock.mockito.MockitoTestExecutionListener, org.springframework.boot.test.mock.mockito.ResetMocksTestExecutionListener, org.springframework.boot.test.autoconfigure.restdocs.RestDocsTestExecutionListener, org.springframework.boot.test.autoconfigure.web.client.MockRestServiceServerResetTestExecutionListener, org.springframework.boot.test.autoconfigure.web.servlet.MockMvcPrintOnlyOnFailureTestExecutionListener, org.springframework.boot.test.autoconfigure.web.servlet.WebDriverTestExecutionListener, org.springframework.boot.test.autoconfigure.webservices.client.MockWebServiceServerTestExecutionListener, org.springframework.test.context.web.ServletTestExecutionListener, org.springframework.test.context.support.DirtiesContextBeforeModesTestExecutionListener, org.springframework.test.context.event.ApplicationEventsTestExecutionListener, org.springframework.test.context.support.DependencyInjectionTestExecutionListener, org.springframework.test.context.support.DirtiesContextTestExecutionListener, org.springframework.test.context.transaction.TransactionalTestExecutionListener, org.springframework.test.context.jdbc.SqlScriptsTestExecutionListener, org.springframework.test.context.event.EventPublishingTestExecutionListener]
""2022-07-11 15:12:57 [main] INFO  o.s.b.t.a.w.s.WebMvcTestContextBootstrapper - Using TestExecutionListeners: [org.springframework.test.context.web.ServletTestExecutionListener@617d697, org.springframework.test.context.support.DirtiesContextBeforeModesTestExecutionListener@3a4d0ca2, org.springframework.test.context.event.ApplicationEventsTestExecutionListener@149162a4, org.springframework.boot.test.mock.mockito.MockitoTestExecutionListener@2b8a11d7, org.springframework.boot.test.autoconfigure.SpringBootDependencyInjectionTestExecutionListener@1391d95f, org.springframework.test.context.support.DirtiesContextTestExecutionListener@416bff93, org.springframework.test.context.transaction.TransactionalTestExecutionListener@5ef03158, org.springframework.test.context.jdbc.SqlScriptsTestExecutionListener@258f97f8, org.springframework.test.context.event.EventPublishingTestExecutionListener@38c9e937, org.springframework.boot.test.mock.mockito.ResetMocksTestExecutionListener@26401eda, org.springframework.boot.test.autoconfigure.restdocs.RestDocsTestExecutionListener@79e591bb, org.springframework.boot.test.autoconfigure.web.client.MockRestServiceServerResetTestExecutionListener@208ce928, org.springframework.boot.test.autoconfigure.web.servlet.MockMvcPrintOnlyOnFailureTestExecutionListener@577b2c5f, org.springframework.boot.test.autoconfigure.web.servlet.WebDriverTestExecutionListener@71eb4ea4, org.springframework.boot.test.autoconfigure.webservices.client.MockWebServiceServerTestExecutionListener@2456716b]
""2022-07-11 15:12:58 [main] INFO  c.c.c.c.NetworthControllerTest - Starting NetworthControllerTest using Java 18.0.1.1 on DESKTOP-CKEOMJT with PID 10920 (started by AshirwadComp in F:\Portfolio_Management_System\CalculateNetworth)
""2022-07-11 15:12:58 [main] INFO  c.c.c.c.NetworthControllerTest - No active profile set, falling back to 1 default profile: "default"
""2022-07-11 15:13:00 [main] INFO  o.s.b.t.m.w.SpringBootMockServletContext - Initializing Spring TestDispatcherServlet ''
""2022-07-11 15:13:00 [main] INFO  o.s.t.w.s.TestDispatcherServlet - Initializing Servlet ''
""2022-07-11 15:13:00 [main] INFO  o.s.t.w.s.TestDispatcherServlet - Completed initialization in 6 ms
""2022-07-11 15:13:00 [main] INFO  c.c.c.c.NetworthControllerTest - Started NetworthControllerTest in 2.462 seconds (JVM running for 57.869)
""2022-07-11 15:13:00 [main] INFO  c.c.c.controller.NetworthController - calculating networth....
""2022-07-11 15:13:00 [main] INFO  c.c.c.controller.NetworthController - finding portfolio by id...
""2022-07-11 15:13:00 [main] INFO  o.s.b.t.c.SpringBootTestContextBootstrapper - Neither @ContextConfiguration nor @ContextHierarchy found for test class [com.cts.calculatenetworth.service.MutualFundServiceTest], using SpringBootContextLoader
""2022-07-11 15:13:00 [main] INFO  o.s.t.c.s.AbstractContextLoader - Could not detect default resource locations for test class [com.cts.calculatenetworth.service.MutualFundServiceTest]: no resource found for suffixes {-context.xml, Context.groovy}.
""2022-07-11 15:13:00 [main] INFO  o.s.t.c.s.AnnotationConfigContextLoaderUtils - Could not detect default configuration classes for test class [com.cts.calculatenetworth.service.MutualFundServiceTest]: MutualFundServiceTest does not declare any static, non-private, non-final, nested classes annotated with @Configuration.
""2022-07-11 15:13:00 [main] INFO  o.s.b.t.c.SpringBootTestContextBootstrapper - Found @SpringBootConfiguration com.cts.calculatenetworth.CalculateNetworthApplication for test class com.cts.calculatenetworth.service.MutualFundServiceTest
""2022-07-11 15:13:00 [main] INFO  o.s.b.t.c.SpringBootTestContextBootstrapper - Loaded default TestExecutionListener class names from location [META-INF/spring.factories]: [org.springframework.boot.test.mock.mockito.MockitoTestExecutionListener, org.springframework.boot.test.mock.mockito.ResetMocksTestExecutionListener, org.springframework.boot.test.autoconfigure.restdocs.RestDocsTestExecutionListener, org.springframework.boot.test.autoconfigure.web.client.MockRestServiceServerResetTestExecutionListener, org.springframework.boot.test.autoconfigure.web.servlet.MockMvcPrintOnlyOnFailureTestExecutionListener, org.springframework.boot.test.autoconfigure.web.servlet.WebDriverTestExecutionListener, org.springframework.boot.test.autoconfigure.webservices.client.MockWebServiceServerTestExecutionListener, org.springframework.test.context.web.ServletTestExecutionListener, org.springframework.test.context.support.DirtiesContextBeforeModesTestExecutionListener, org.springframework.test.context.event.ApplicationEventsTestExecutionListener, org.springframework.test.context.support.DependencyInjectionTestExecutionListener, org.springframework.test.context.support.DirtiesContextTestExecutionListener, org.springframework.test.context.transaction.TransactionalTestExecutionListener, org.springframework.test.context.jdbc.SqlScriptsTestExecutionListener, org.springframework.test.context.event.EventPublishingTestExecutionListener]
""2022-07-11 15:13:00 [main] INFO  o.s.b.t.c.SpringBootTestContextBootstrapper - Using TestExecutionListeners: [org.springframework.test.context.web.ServletTestExecutionListener@642ebd4c, org.springframework.test.context.support.DirtiesContextBeforeModesTestExecutionListener@222af5ff, org.springframework.test.context.event.ApplicationEventsTestExecutionListener@70721c2d, org.springframework.boot.test.mock.mockito.MockitoTestExecutionListener@73e21fb5, org.springframework.boot.test.autoconfigure.SpringBootDependencyInjectionTestExecutionListener@62371858, org.springframework.test.context.support.DirtiesContextTestExecutionListener@17478cec, org.springframework.test.context.transaction.TransactionalTestExecutionListener@7734695d, org.springframework.test.context.jdbc.SqlScriptsTestExecutionListener@14c8dfb9, org.springframework.test.context.event.EventPublishingTestExecutionListener@4e67f0a0, org.springframework.boot.test.mock.mockito.ResetMocksTestExecutionListener@656c356c, org.springframework.boot.test.autoconfigure.restdocs.RestDocsTestExecutionListener@3146c61d, org.springframework.boot.test.autoconfigure.web.client.MockRestServiceServerResetTestExecutionListener@6321e29b, org.springframework.boot.test.autoconfigure.web.servlet.MockMvcPrintOnlyOnFailureTestExecutionListener@12b2fcaf, org.springframework.boot.test.autoconfigure.web.servlet.WebDriverTestExecutionListener@16716cc0, org.springframework.boot.test.autoconfigure.webservices.client.MockWebServiceServerTestExecutionListener@1100363d]
""2022-07-11 15:13:01 [main] INFO  c.c.c.service.MutualFundServiceTest - Starting MutualFundServiceTest using Java 18.0.1.1 on DESKTOP-CKEOMJT with PID 10920 (started by AshirwadComp in F:\Portfolio_Management_System\CalculateNetworth)
""2022-07-11 15:13:01 [main] INFO  c.c.c.service.MutualFundServiceTest - No active profile set, falling back to 1 default profile: "default"
""2022-07-11 15:13:01 [main] INFO  o.s.d.r.c.RepositoryConfigurationDelegate - Bootstrapping Spring Data JPA repositories in DEFAULT mode.
""2022-07-11 15:13:01 [main] INFO  o.s.d.r.c.RepositoryConfigurationDelegate - Finished Spring Data repository scanning in 20 ms. Found 3 JPA repository interfaces.
""2022-07-11 15:13:01 [main] INFO  o.s.cloud.context.scope.GenericScope - BeanFactory id=c795f968-27bf-33be-8216-ba13cb118e8e
""2022-07-11 15:13:02 [main] INFO  com.zaxxer.hikari.HikariDataSource - HikariPool-2 - Starting...
""2022-07-11 15:13:02 [main] INFO  com.zaxxer.hikari.HikariDataSource - HikariPool-2 - Start completed.
""2022-07-11 15:13:02 [main] INFO  o.h.jpa.internal.util.LogHelper - HHH000204: Processing PersistenceUnitInfo [name: default]
""2022-07-11 15:13:02 [main] INFO  org.hibernate.dialect.Dialect - HHH000400: Using dialect: org.hibernate.dialect.H2Dialect
""2022-07-11 15:13:02 [main] INFO  o.h.e.t.j.p.i.JtaPlatformInitiator - HHH000490: Using JtaPlatform implementation: [org.hibernate.engine.transaction.jta.platform.internal.NoJtaPlatform]
""2022-07-11 15:13:02 [main] INFO  o.s.o.j.LocalContainerEntityManagerFactoryBean - Initialized JPA EntityManagerFactory for persistence unit 'default'
""2022-07-11 15:13:03 [main] WARN  o.s.b.a.o.j.JpaBaseConfiguration$JpaWebConfiguration - spring.jpa.open-in-view is enabled by default. Therefore, database queries may be performed during view rendering. Explicitly configure spring.jpa.open-in-view to disable this warning
""2022-07-11 15:13:03 [main] INFO  o.s.b.a.h.H2ConsoleAutoConfiguration - H2 console available at '/h2-console'. Database available at 'jdbc:h2:mem:pms'
""2022-07-11 15:13:04 [main] INFO  c.c.c.service.MutualFundServiceTest - Started MutualFundServiceTest in 3.799 seconds (JVM running for 62.12)
""2022-07-11 15:13:04 [main] INFO  o.s.b.t.c.SpringBootTestContextBootstrapper - Neither @ContextConfiguration nor @ContextHierarchy found for test class [com.cts.calculatenetworth.service.PortfolioDetailServiceTest], using SpringBootContextLoader
""2022-07-11 15:13:04 [main] INFO  o.s.t.c.s.AbstractContextLoader - Could not detect default resource locations for test class [com.cts.calculatenetworth.service.PortfolioDetailServiceTest]: no resource found for suffixes {-context.xml, Context.groovy}.
""2022-07-11 15:13:04 [main] INFO  o.s.t.c.s.AnnotationConfigContextLoaderUtils - Could not detect default configuration classes for test class [com.cts.calculatenetworth.service.PortfolioDetailServiceTest]: PortfolioDetailServiceTest does not declare any static, non-private, non-final, nested classes annotated with @Configuration.
""2022-07-11 15:13:04 [main] INFO  o.s.b.t.c.SpringBootTestContextBootstrapper - Found @SpringBootConfiguration com.cts.calculatenetworth.CalculateNetworthApplication for test class com.cts.calculatenetworth.service.PortfolioDetailServiceTest
""2022-07-11 15:13:04 [main] INFO  o.s.b.t.c.SpringBootTestContextBootstrapper - Loaded default TestExecutionListener class names from location [META-INF/spring.factories]: [org.springframework.boot.test.mock.mockito.MockitoTestExecutionListener, org.springframework.boot.test.mock.mockito.ResetMocksTestExecutionListener, org.springframework.boot.test.autoconfigure.restdocs.RestDocsTestExecutionListener, org.springframework.boot.test.autoconfigure.web.client.MockRestServiceServerResetTestExecutionListener, org.springframework.boot.test.autoconfigure.web.servlet.MockMvcPrintOnlyOnFailureTestExecutionListener, org.springframework.boot.test.autoconfigure.web.servlet.WebDriverTestExecutionListener, org.springframework.boot.test.autoconfigure.webservices.client.MockWebServiceServerTestExecutionListener, org.springframework.test.context.web.ServletTestExecutionListener, org.springframework.test.context.support.DirtiesContextBeforeModesTestExecutionListener, org.springframework.test.context.event.ApplicationEventsTestExecutionListener, org.springframework.test.context.support.DependencyInjectionTestExecutionListener, org.springframework.test.context.support.DirtiesContextTestExecutionListener, org.springframework.test.context.transaction.TransactionalTestExecutionListener, org.springframework.test.context.jdbc.SqlScriptsTestExecutionListener, org.springframework.test.context.event.EventPublishingTestExecutionListener]
""2022-07-11 15:13:04 [main] INFO  o.s.b.t.c.SpringBootTestContextBootstrapper - Using TestExecutionListeners: [org.springframework.test.context.web.ServletTestExecutionListener@106f566b, org.springframework.test.context.support.DirtiesContextBeforeModesTestExecutionListener@6e8fa647, org.springframework.test.context.event.ApplicationEventsTestExecutionListener@12eb281f, org.springframework.boot.test.mock.mockito.MockitoTestExecutionListener@6621ab0c, org.springframework.boot.test.autoconfigure.SpringBootDependencyInjectionTestExecutionListener@c1765ad, org.springframework.test.context.support.DirtiesContextTestExecutionListener@1fb947f6, org.springframework.test.context.transaction.TransactionalTestExecutionListener@54d93fce, org.springframework.test.context.jdbc.SqlScriptsTestExecutionListener@3f4b9792, org.springframework.test.context.event.EventPublishingTestExecutionListener@8c6a7db, org.springframework.boot.test.mock.mockito.ResetMocksTestExecutionListener@5d95c7c2, org.springframework.boot.test.autoconfigure.restdocs.RestDocsTestExecutionListener@40afa4f1, org.springframework.boot.test.autoconfigure.web.client.MockRestServiceServerResetTestExecutionListener@233b5c71, org.springframework.boot.test.autoconfigure.web.servlet.MockMvcPrintOnlyOnFailureTestExecutionListener@1e7edfb2, org.springframework.boot.test.autoconfigure.web.servlet.WebDriverTestExecutionListener@6d26b068, org.springframework.boot.test.autoconfigure.webservices.client.MockWebServiceServerTestExecutionListener@50931911]
""2022-07-11 15:13:05 [main] INFO  c.c.c.s.PortfolioDetailServiceTest - Starting PortfolioDetailServiceTest using Java 18.0.1.1 on DESKTOP-CKEOMJT with PID 10920 (started by AshirwadComp in F:\Portfolio_Management_System\CalculateNetworth)
""2022-07-11 15:13:05 [main] INFO  c.c.c.s.PortfolioDetailServiceTest - No active profile set, falling back to 1 default profile: "default"
""2022-07-11 15:13:05 [main] INFO  o.s.d.r.c.RepositoryConfigurationDelegate - Bootstrapping Spring Data JPA repositories in DEFAULT mode.
""2022-07-11 15:13:05 [main] INFO  o.s.d.r.c.RepositoryConfigurationDelegate - Finished Spring Data repository scanning in 14 ms. Found 3 JPA repository interfaces.
""2022-07-11 15:13:05 [main] INFO  o.s.cloud.context.scope.GenericScope - BeanFactory id=c795f968-27bf-33be-8216-ba13cb118e8e
""2022-07-11 15:13:06 [main] INFO  com.zaxxer.hikari.HikariDataSource - HikariPool-3 - Starting...
""2022-07-11 15:13:06 [main] INFO  com.zaxxer.hikari.HikariDataSource - HikariPool-3 - Start completed.
""2022-07-11 15:13:06 [main] INFO  o.h.jpa.internal.util.LogHelper - HHH000204: Processing PersistenceUnitInfo [name: default]
""2022-07-11 15:13:06 [main] INFO  org.hibernate.dialect.Dialect - HHH000400: Using dialect: org.hibernate.dialect.H2Dialect
""2022-07-11 15:13:06 [main] INFO  o.h.e.t.j.p.i.JtaPlatformInitiator - HHH000490: Using JtaPlatform implementation: [org.hibernate.engine.transaction.jta.platform.internal.NoJtaPlatform]
""2022-07-11 15:13:06 [main] INFO  o.s.o.j.LocalContainerEntityManagerFactoryBean - Initialized JPA EntityManagerFactory for persistence unit 'default'
""2022-07-11 15:13:06 [main] WARN  o.s.b.a.o.j.JpaBaseConfiguration$JpaWebConfiguration - spring.jpa.open-in-view is enabled by default. Therefore, database queries may be performed during view rendering. Explicitly configure spring.jpa.open-in-view to disable this warning
""2022-07-11 15:13:06 [main] INFO  o.s.b.a.h.H2ConsoleAutoConfiguration - H2 console available at '/h2-console'. Database available at 'jdbc:h2:mem:pms'
""2022-07-11 15:13:07 [main] INFO  c.c.c.s.PortfolioDetailServiceTest - Started PortfolioDetailServiceTest in 2.895 seconds (JVM running for 65.149)
""2022-07-11 15:13:07 [main] INFO  o.s.b.t.c.SpringBootTestContextBootstrapper - Neither @ContextConfiguration nor @ContextHierarchy found for test class [com.cts.calculatenetworth.service.StockDetailServiceTest], using SpringBootContextLoader
""2022-07-11 15:13:07 [main] INFO  o.s.t.c.s.AbstractContextLoader - Could not detect default resource locations for test class [com.cts.calculatenetworth.service.StockDetailServiceTest]: no resource found for suffixes {-context.xml, Context.groovy}.
""2022-07-11 15:13:07 [main] INFO  o.s.t.c.s.AnnotationConfigContextLoaderUtils - Could not detect default configuration classes for test class [com.cts.calculatenetworth.service.StockDetailServiceTest]: StockDetailServiceTest does not declare any static, non-private, non-final, nested classes annotated with @Configuration.
""2022-07-11 15:13:07 [main] INFO  o.s.b.t.c.SpringBootTestContextBootstrapper - Found @SpringBootConfiguration com.cts.calculatenetworth.CalculateNetworthApplication for test class com.cts.calculatenetworth.service.StockDetailServiceTest
""2022-07-11 15:13:07 [main] INFO  o.s.b.t.c.SpringBootTestContextBootstrapper - Loaded default TestExecutionListener class names from location [META-INF/spring.factories]: [org.springframework.boot.test.mock.mockito.MockitoTestExecutionListener, org.springframework.boot.test.mock.mockito.ResetMocksTestExecutionListener, org.springframework.boot.test.autoconfigure.restdocs.RestDocsTestExecutionListener, org.springframework.boot.test.autoconfigure.web.client.MockRestServiceServerResetTestExecutionListener, org.springframework.boot.test.autoconfigure.web.servlet.MockMvcPrintOnlyOnFailureTestExecutionListener, org.springframework.boot.test.autoconfigure.web.servlet.WebDriverTestExecutionListener, org.springframework.boot.test.autoconfigure.webservices.client.MockWebServiceServerTestExecutionListener, org.springframework.test.context.web.ServletTestExecutionListener, org.springframework.test.context.support.DirtiesContextBeforeModesTestExecutionListener, org.springframework.test.context.event.ApplicationEventsTestExecutionListener, org.springframework.test.context.support.DependencyInjectionTestExecutionListener, org.springframework.test.context.support.DirtiesContextTestExecutionListener, org.springframework.test.context.transaction.TransactionalTestExecutionListener, org.springframework.test.context.jdbc.SqlScriptsTestExecutionListener, org.springframework.test.context.event.EventPublishingTestExecutionListener]
""2022-07-11 15:13:07 [main] INFO  o.s.b.t.c.SpringBootTestContextBootstrapper - Using TestExecutionListeners: [org.springframework.test.context.web.ServletTestExecutionListener@465652a2, org.springframework.test.context.support.DirtiesContextBeforeModesTestExecutionListener@4469046b, org.springframework.test.context.event.ApplicationEventsTestExecutionListener@73b68d98, org.springframework.boot.test.mock.mockito.MockitoTestExecutionListener@69af6978, org.springframework.boot.test.autoconfigure.SpringBootDependencyInjectionTestExecutionListener@1d18e5ad, org.springframework.test.context.support.DirtiesContextTestExecutionListener@11def039, org.springframework.test.context.transaction.TransactionalTestExecutionListener@564375d7, org.springframework.test.context.jdbc.SqlScriptsTestExecutionListener@44b522ce, org.springframework.test.context.event.EventPublishingTestExecutionListener@1e5a8278, org.springframework.boot.test.mock.mockito.ResetMocksTestExecutionListener@7863e6b2, org.springframework.boot.test.autoconfigure.restdocs.RestDocsTestExecutionListener@3543c9a4, org.springframework.boot.test.autoconfigure.web.client.MockRestServiceServerResetTestExecutionListener@588d2e90, org.springframework.boot.test.autoconfigure.web.servlet.MockMvcPrintOnlyOnFailureTestExecutionListener@120e3ebb, org.springframework.boot.test.autoconfigure.web.servlet.WebDriverTestExecutionListener@753f1c3e, org.springframework.boot.test.autoconfigure.webservices.client.MockWebServiceServerTestExecutionListener@5e9af5d4]
""2022-07-11 15:13:08 [main] INFO  c.c.c.service.StockDetailServiceTest - Starting StockDetailServiceTest using Java 18.0.1.1 on DESKTOP-CKEOMJT with PID 10920 (started by AshirwadComp in F:\Portfolio_Management_System\CalculateNetworth)
""2022-07-11 15:13:08 [main] INFO  c.c.c.service.StockDetailServiceTest - No active profile set, falling back to 1 default profile: "default"
""2022-07-11 15:13:08 [main] INFO  o.s.d.r.c.RepositoryConfigurationDelegate - Bootstrapping Spring Data JPA repositories in DEFAULT mode.
""2022-07-11 15:13:08 [main] INFO  o.s.d.r.c.RepositoryConfigurationDelegate - Finished Spring Data repository scanning in 13 ms. Found 3 JPA repository interfaces.
""2022-07-11 15:13:08 [main] INFO  o.s.cloud.context.scope.GenericScope - BeanFactory id=c795f968-27bf-33be-8216-ba13cb118e8e
""2022-07-11 15:13:08 [main] INFO  com.zaxxer.hikari.HikariDataSource - HikariPool-4 - Starting...
""2022-07-11 15:13:08 [main] INFO  com.zaxxer.hikari.HikariDataSource - HikariPool-4 - Start completed.
""2022-07-11 15:13:08 [main] INFO  o.h.jpa.internal.util.LogHelper - HHH000204: Processing PersistenceUnitInfo [name: default]
""2022-07-11 15:13:08 [main] INFO  org.hibernate.dialect.Dialect - HHH000400: Using dialect: org.hibernate.dialect.H2Dialect
""2022-07-11 15:13:09 [main] INFO  o.h.e.t.j.p.i.JtaPlatformInitiator - HHH000490: Using JtaPlatform implementation: [org.hibernate.engine.transaction.jta.platform.internal.NoJtaPlatform]
""2022-07-11 15:13:09 [main] INFO  o.s.o.j.LocalContainerEntityManagerFactoryBean - Initialized JPA EntityManagerFactory for persistence unit 'default'
""2022-07-11 15:13:09 [main] WARN  o.s.b.a.o.j.JpaBaseConfiguration$JpaWebConfiguration - spring.jpa.open-in-view is enabled by default. Therefore, database queries may be performed during view rendering. Explicitly configure spring.jpa.open-in-view to disable this warning
""2022-07-11 15:13:09 [main] INFO  o.s.b.a.h.H2ConsoleAutoConfiguration - H2 console available at '/h2-console'. Database available at 'jdbc:h2:mem:pms'
""2022-07-11 15:13:10 [main] INFO  c.c.c.service.StockDetailServiceTest - Started StockDetailServiceTest in 2.698 seconds (JVM running for 67.921)
""2022-07-11 15:13:10 [SpringApplicationShutdownHook] INFO  o.s.o.j.LocalContainerEntityManagerFactoryBean - Closing JPA EntityManagerFactory for persistence unit 'default'
""2022-07-11 15:13:10 [SpringApplicationShutdownHook] INFO  com.zaxxer.hikari.HikariDataSource - HikariPool-1 - Shutdown initiated...
""2022-07-11 15:13:10 [SpringApplicationShutdownHook] INFO  com.zaxxer.hikari.HikariDataSource - HikariPool-1 - Shutdown completed.
""2022-07-11 15:13:10 [SpringApplicationShutdownHook] INFO  o.s.o.j.LocalContainerEntityManagerFactoryBean - Closing JPA EntityManagerFactory for persistence unit 'default'
""2022-07-11 15:13:10 [SpringApplicationShutdownHook] INFO  com.zaxxer.hikari.HikariDataSource - HikariPool-2 - Shutdown initiated...
""2022-07-11 15:13:10 [SpringApplicationShutdownHook] INFO  com.zaxxer.hikari.HikariDataSource - HikariPool-2 - Shutdown completed.
""2022-07-11 15:13:10 [SpringApplicationShutdownHook] INFO  o.s.o.j.LocalContainerEntityManagerFactoryBean - Closing JPA EntityManagerFactory for persistence unit 'default'
""2022-07-11 15:13:10 [SpringApplicationShutdownHook] INFO  com.zaxxer.hikari.HikariDataSource - HikariPool-3 - Shutdown initiated...
""2022-07-11 15:13:10 [SpringApplicationShutdownHook] INFO  com.zaxxer.hikari.HikariDataSource - HikariPool-3 - Shutdown completed.
""2022-07-11 15:13:10 [SpringApplicationShutdownHook] INFO  o.s.o.j.LocalContainerEntityManagerFactoryBean - Closing JPA EntityManagerFactory for persistence unit 'default'
""2022-07-11 15:13:10 [SpringApplicationShutdownHook] INFO  com.zaxxer.hikari.HikariDataSource - HikariPool-4 - Shutdown initiated...
""2022-07-11 15:13:10 [SpringApplicationShutdownHook] INFO  com.zaxxer.hikari.HikariDataSource - HikariPool-4 - Shutdown completed.
""2022-07-11 15:18:26 [main] INFO  c.c.c.CalculateNetworthApplicationTests - Starting CalculateNetworthApplicationTests using Java 18.0.1.1 on DESKTOP-CKEOMJT with PID 13008 (started by AshirwadComp in F:\Portfolio_Management_System\CalculateNetworth)
""2022-07-11 15:18:26 [main] INFO  c.c.c.CalculateNetworthApplicationTests - No active profile set, falling back to 1 default profile: "default"
""2022-07-11 15:18:35 [main] INFO  o.s.d.r.c.RepositoryConfigurationDelegate - Bootstrapping Spring Data JPA repositories in DEFAULT mode.
""2022-07-11 15:18:35 [main] INFO  o.s.d.r.c.RepositoryConfigurationDelegate - Finished Spring Data repository scanning in 423 ms. Found 3 JPA repository interfaces.
""2022-07-11 15:18:37 [main] INFO  o.s.cloud.context.scope.GenericScope - BeanFactory id=c795f968-27bf-33be-8216-ba13cb118e8e
""2022-07-11 15:18:40 [main] INFO  com.zaxxer.hikari.HikariDataSource - HikariPool-1 - Starting...
""2022-07-11 15:18:41 [main] INFO  com.zaxxer.hikari.HikariDataSource - HikariPool-1 - Start completed.
""2022-07-11 15:18:42 [main] INFO  o.h.jpa.internal.util.LogHelper - HHH000204: Processing PersistenceUnitInfo [name: default]
""2022-07-11 15:18:43 [main] INFO  org.hibernate.Version - HHH000412: Hibernate ORM core version 5.6.5.Final
""2022-07-11 15:18:44 [main] INFO  o.h.annotations.common.Version - HCANN000001: Hibernate Commons Annotations {5.1.2.Final}
""2022-07-11 15:18:45 [main] INFO  org.hibernate.dialect.Dialect - HHH000400: Using dialect: org.hibernate.dialect.H2Dialect
""2022-07-11 15:18:47 [main] INFO  o.h.e.t.j.p.i.JtaPlatformInitiator - HHH000490: Using JtaPlatform implementation: [org.hibernate.engine.transaction.jta.platform.internal.NoJtaPlatform]
""2022-07-11 15:18:48 [main] INFO  o.s.o.j.LocalContainerEntityManagerFactoryBean - Initialized JPA EntityManagerFactory for persistence unit 'default'
""2022-07-11 15:18:49 [main] WARN  o.s.b.a.o.j.JpaBaseConfiguration$JpaWebConfiguration - spring.jpa.open-in-view is enabled by default. Therefore, database queries may be performed during view rendering. Explicitly configure spring.jpa.open-in-view to disable this warning
""2022-07-11 15:18:50 [main] INFO  o.s.b.a.h.H2ConsoleAutoConfiguration - H2 console available at '/h2-console'. Database available at 'jdbc:h2:mem:pms'
""2022-07-11 15:18:55 [main] INFO  c.c.c.CalculateNetworthApplicationTests - Started CalculateNetworthApplicationTests in 30.006 seconds (JVM running for 33.789)
""2022-07-11 15:18:56 [main] INFO  o.s.b.t.a.w.s.WebMvcTestContextBootstrapper - Neither @ContextConfiguration nor @ContextHierarchy found for test class [com.cts.calculatenetworth.controller.NetworthControllerTest], using SpringBootContextLoader
""2022-07-11 15:18:56 [main] INFO  o.s.t.c.s.AbstractContextLoader - Could not detect default resource locations for test class [com.cts.calculatenetworth.controller.NetworthControllerTest]: no resource found for suffixes {-context.xml, Context.groovy}.
""2022-07-11 15:18:56 [main] INFO  o.s.t.c.s.AnnotationConfigContextLoaderUtils - Could not detect default configuration classes for test class [com.cts.calculatenetworth.controller.NetworthControllerTest]: NetworthControllerTest does not declare any static, non-private, non-final, nested classes annotated with @Configuration.
""2022-07-11 15:18:56 [main] INFO  o.s.b.t.c.SpringBootTestContextBootstrapper - Found @SpringBootConfiguration com.cts.calculatenetworth.CalculateNetworthApplication for test class com.cts.calculatenetworth.controller.NetworthControllerTest
""2022-07-11 15:18:56 [main] INFO  o.s.b.t.a.w.s.WebMvcTestContextBootstrapper - Loaded default TestExecutionListener class names from location [META-INF/spring.factories]: [org.springframework.boot.test.mock.mockito.MockitoTestExecutionListener, org.springframework.boot.test.mock.mockito.ResetMocksTestExecutionListener, org.springframework.boot.test.autoconfigure.restdocs.RestDocsTestExecutionListener, org.springframework.boot.test.autoconfigure.web.client.MockRestServiceServerResetTestExecutionListener, org.springframework.boot.test.autoconfigure.web.servlet.MockMvcPrintOnlyOnFailureTestExecutionListener, org.springframework.boot.test.autoconfigure.web.servlet.WebDriverTestExecutionListener, org.springframework.boot.test.autoconfigure.webservices.client.MockWebServiceServerTestExecutionListener, org.springframework.test.context.web.ServletTestExecutionListener, org.springframework.test.context.support.DirtiesContextBeforeModesTestExecutionListener, org.springframework.test.context.event.ApplicationEventsTestExecutionListener, org.springframework.test.context.support.DependencyInjectionTestExecutionListener, org.springframework.test.context.support.DirtiesContextTestExecutionListener, org.springframework.test.context.transaction.TransactionalTestExecutionListener, org.springframework.test.context.jdbc.SqlScriptsTestExecutionListener, org.springframework.test.context.event.EventPublishingTestExecutionListener]
""2022-07-11 15:18:56 [main] INFO  o.s.b.t.a.w.s.WebMvcTestContextBootstrapper - Using TestExecutionListeners: [org.springframework.test.context.web.ServletTestExecutionListener@4bacabc4, org.springframework.test.context.support.DirtiesContextBeforeModesTestExecutionListener@508de524, org.springframework.test.context.event.ApplicationEventsTestExecutionListener@617d697, org.springframework.boot.test.mock.mockito.MockitoTestExecutionListener@3a4d0ca2, org.springframework.boot.test.autoconfigure.SpringBootDependencyInjectionTestExecutionListener@149162a4, org.springframework.test.context.support.DirtiesContextTestExecutionListener@2b8a11d7, org.springframework.test.context.transaction.TransactionalTestExecutionListener@1391d95f, org.springframework.test.context.jdbc.SqlScriptsTestExecutionListener@416bff93, org.springframework.test.context.event.EventPublishingTestExecutionListener@5ef03158, org.springframework.boot.test.mock.mockito.ResetMocksTestExecutionListener@258f97f8, org.springframework.boot.test.autoconfigure.restdocs.RestDocsTestExecutionListener@38c9e937, org.springframework.boot.test.autoconfigure.web.client.MockRestServiceServerResetTestExecutionListener@26401eda, org.springframework.boot.test.autoconfigure.web.servlet.MockMvcPrintOnlyOnFailureTestExecutionListener@79e591bb, org.springframework.boot.test.autoconfigure.web.servlet.WebDriverTestExecutionListener@208ce928, org.springframework.boot.test.autoconfigure.webservices.client.MockWebServiceServerTestExecutionListener@577b2c5f]
""2022-07-11 15:18:57 [main] INFO  c.c.c.c.NetworthControllerTest - Starting NetworthControllerTest using Java 18.0.1.1 on DESKTOP-CKEOMJT with PID 13008 (started by AshirwadComp in F:\Portfolio_Management_System\CalculateNetworth)
""2022-07-11 15:18:57 [main] INFO  c.c.c.c.NetworthControllerTest - No active profile set, falling back to 1 default profile: "default"
""2022-07-11 15:18:59 [main] INFO  o.s.b.t.m.w.SpringBootMockServletContext - Initializing Spring TestDispatcherServlet ''
""2022-07-11 15:18:59 [main] INFO  o.s.t.w.s.TestDispatcherServlet - Initializing Servlet ''
""2022-07-11 15:18:59 [main] INFO  o.s.t.w.s.TestDispatcherServlet - Completed initialization in 2 ms
""2022-07-11 15:18:59 [main] INFO  c.c.c.c.NetworthControllerTest - Started NetworthControllerTest in 2.512 seconds (JVM running for 37.76)
""2022-07-11 15:18:59 [main] INFO  c.c.c.controller.NetworthController - calculating networth....
""2022-07-11 15:18:59 [main] INFO  c.c.c.controller.NetworthController - finding portfolio by id...
""2022-07-11 15:18:59 [main] INFO  o.s.b.t.c.SpringBootTestContextBootstrapper - Neither @ContextConfiguration nor @ContextHierarchy found for test class [com.cts.calculatenetworth.service.MutualFundServiceTest], using SpringBootContextLoader
""2022-07-11 15:18:59 [main] INFO  o.s.t.c.s.AbstractContextLoader - Could not detect default resource locations for test class [com.cts.calculatenetworth.service.MutualFundServiceTest]: no resource found for suffixes {-context.xml, Context.groovy}.
""2022-07-11 15:18:59 [main] INFO  o.s.t.c.s.AnnotationConfigContextLoaderUtils - Could not detect default configuration classes for test class [com.cts.calculatenetworth.service.MutualFundServiceTest]: MutualFundServiceTest does not declare any static, non-private, non-final, nested classes annotated with @Configuration.
""2022-07-11 15:18:59 [main] INFO  o.s.b.t.c.SpringBootTestContextBootstrapper - Found @SpringBootConfiguration com.cts.calculatenetworth.CalculateNetworthApplication for test class com.cts.calculatenetworth.service.MutualFundServiceTest
""2022-07-11 15:18:59 [main] INFO  o.s.b.t.c.SpringBootTestContextBootstrapper - Loaded default TestExecutionListener class names from location [META-INF/spring.factories]: [org.springframework.boot.test.mock.mockito.MockitoTestExecutionListener, org.springframework.boot.test.mock.mockito.ResetMocksTestExecutionListener, org.springframework.boot.test.autoconfigure.restdocs.RestDocsTestExecutionListener, org.springframework.boot.test.autoconfigure.web.client.MockRestServiceServerResetTestExecutionListener, org.springframework.boot.test.autoconfigure.web.servlet.MockMvcPrintOnlyOnFailureTestExecutionListener, org.springframework.boot.test.autoconfigure.web.servlet.WebDriverTestExecutionListener, org.springframework.boot.test.autoconfigure.webservices.client.MockWebServiceServerTestExecutionListener, org.springframework.test.context.web.ServletTestExecutionListener, org.springframework.test.context.support.DirtiesContextBeforeModesTestExecutionListener, org.springframework.test.context.event.ApplicationEventsTestExecutionListener, org.springframework.test.context.support.DependencyInjectionTestExecutionListener, org.springframework.test.context.support.DirtiesContextTestExecutionListener, org.springframework.test.context.transaction.TransactionalTestExecutionListener, org.springframework.test.context.jdbc.SqlScriptsTestExecutionListener, org.springframework.test.context.event.EventPublishingTestExecutionListener]
""2022-07-11 15:18:59 [main] INFO  o.s.b.t.c.SpringBootTestContextBootstrapper - Using TestExecutionListeners: [org.springframework.test.context.web.ServletTestExecutionListener@793577e0, org.springframework.test.context.support.DirtiesContextBeforeModesTestExecutionListener@39e75e88, org.springframework.test.context.event.ApplicationEventsTestExecutionListener@642ebd4c, org.springframework.boot.test.mock.mockito.MockitoTestExecutionListener@222af5ff, org.springframework.boot.test.autoconfigure.SpringBootDependencyInjectionTestExecutionListener@70721c2d, org.springframework.test.context.support.DirtiesContextTestExecutionListener@73e21fb5, org.springframework.test.context.transaction.TransactionalTestExecutionListener@62371858, org.springframework.test.context.jdbc.SqlScriptsTestExecutionListener@17478cec, org.springframework.test.context.event.EventPublishingTestExecutionListener@7734695d, org.springframework.boot.test.mock.mockito.ResetMocksTestExecutionListener@14c8dfb9, org.springframework.boot.test.autoconfigure.restdocs.RestDocsTestExecutionListener@4e67f0a0, org.springframework.boot.test.autoconfigure.web.client.MockRestServiceServerResetTestExecutionListener@656c356c, org.springframework.boot.test.autoconfigure.web.servlet.MockMvcPrintOnlyOnFailureTestExecutionListener@3146c61d, org.springframework.boot.test.autoconfigure.web.servlet.WebDriverTestExecutionListener@6321e29b, org.springframework.boot.test.autoconfigure.webservices.client.MockWebServiceServerTestExecutionListener@12b2fcaf]
""2022-07-11 15:19:00 [main] INFO  c.c.c.service.MutualFundServiceTest - Starting MutualFundServiceTest using Java 18.0.1.1 on DESKTOP-CKEOMJT with PID 13008 (started by AshirwadComp in F:\Portfolio_Management_System\CalculateNetworth)
""2022-07-11 15:19:00 [main] INFO  c.c.c.service.MutualFundServiceTest - No active profile set, falling back to 1 default profile: "default"
""2022-07-11 15:19:01 [main] INFO  o.s.d.r.c.RepositoryConfigurationDelegate - Bootstrapping Spring Data JPA repositories in DEFAULT mode.
""2022-07-11 15:19:01 [main] INFO  o.s.d.r.c.RepositoryConfigurationDelegate - Finished Spring Data repository scanning in 23 ms. Found 3 JPA repository interfaces.
""2022-07-11 15:19:01 [main] INFO  o.s.cloud.context.scope.GenericScope - BeanFactory id=c795f968-27bf-33be-8216-ba13cb118e8e
""2022-07-11 15:19:01 [main] INFO  com.zaxxer.hikari.HikariDataSource - HikariPool-2 - Starting...
""2022-07-11 15:19:01 [main] INFO  com.zaxxer.hikari.HikariDataSource - HikariPool-2 - Start completed.
""2022-07-11 15:19:01 [main] INFO  o.h.jpa.internal.util.LogHelper - HHH000204: Processing PersistenceUnitInfo [name: default]
""2022-07-11 15:19:01 [main] INFO  org.hibernate.dialect.Dialect - HHH000400: Using dialect: org.hibernate.dialect.H2Dialect
""2022-07-11 15:19:01 [main] INFO  o.h.e.t.j.p.i.JtaPlatformInitiator - HHH000490: Using JtaPlatform implementation: [org.hibernate.engine.transaction.jta.platform.internal.NoJtaPlatform]
""2022-07-11 15:19:01 [main] INFO  o.s.o.j.LocalContainerEntityManagerFactoryBean - Initialized JPA EntityManagerFactory for persistence unit 'default'
""2022-07-11 15:19:02 [main] WARN  o.s.b.a.o.j.JpaBaseConfiguration$JpaWebConfiguration - spring.jpa.open-in-view is enabled by default. Therefore, database queries may be performed during view rendering. Explicitly configure spring.jpa.open-in-view to disable this warning
""2022-07-11 15:19:02 [main] INFO  o.s.b.a.h.H2ConsoleAutoConfiguration - H2 console available at '/h2-console'. Database available at 'jdbc:h2:mem:pms'
""2022-07-11 15:19:04 [main] INFO  c.c.c.service.MutualFundServiceTest - Started MutualFundServiceTest in 4.173 seconds (JVM running for 42.378)
""2022-07-11 15:19:04 [main] INFO  o.s.b.t.c.SpringBootTestContextBootstrapper - Neither @ContextConfiguration nor @ContextHierarchy found for test class [com.cts.calculatenetworth.service.PortfolioDetailServiceTest], using SpringBootContextLoader
""2022-07-11 15:19:04 [main] INFO  o.s.t.c.s.AbstractContextLoader - Could not detect default resource locations for test class [com.cts.calculatenetworth.service.PortfolioDetailServiceTest]: no resource found for suffixes {-context.xml, Context.groovy}.
""2022-07-11 15:19:04 [main] INFO  o.s.t.c.s.AnnotationConfigContextLoaderUtils - Could not detect default configuration classes for test class [com.cts.calculatenetworth.service.PortfolioDetailServiceTest]: PortfolioDetailServiceTest does not declare any static, non-private, non-final, nested classes annotated with @Configuration.
""2022-07-11 15:19:04 [main] INFO  o.s.b.t.c.SpringBootTestContextBootstrapper - Found @SpringBootConfiguration com.cts.calculatenetworth.CalculateNetworthApplication for test class com.cts.calculatenetworth.service.PortfolioDetailServiceTest
""2022-07-11 15:19:04 [main] INFO  o.s.b.t.c.SpringBootTestContextBootstrapper - Loaded default TestExecutionListener class names from location [META-INF/spring.factories]: [org.springframework.boot.test.mock.mockito.MockitoTestExecutionListener, org.springframework.boot.test.mock.mockito.ResetMocksTestExecutionListener, org.springframework.boot.test.autoconfigure.restdocs.RestDocsTestExecutionListener, org.springframework.boot.test.autoconfigure.web.client.MockRestServiceServerResetTestExecutionListener, org.springframework.boot.test.autoconfigure.web.servlet.MockMvcPrintOnlyOnFailureTestExecutionListener, org.springframework.boot.test.autoconfigure.web.servlet.WebDriverTestExecutionListener, org.springframework.boot.test.autoconfigure.webservices.client.MockWebServiceServerTestExecutionListener, org.springframework.test.context.web.ServletTestExecutionListener, org.springframework.test.context.support.DirtiesContextBeforeModesTestExecutionListener, org.springframework.test.context.event.ApplicationEventsTestExecutionListener, org.springframework.test.context.support.DependencyInjectionTestExecutionListener, org.springframework.test.context.support.DirtiesContextTestExecutionListener, org.springframework.test.context.transaction.TransactionalTestExecutionListener, org.springframework.test.context.jdbc.SqlScriptsTestExecutionListener, org.springframework.test.context.event.EventPublishingTestExecutionListener]
""2022-07-11 15:19:04 [main] INFO  o.s.b.t.c.SpringBootTestContextBootstrapper - Using TestExecutionListeners: [org.springframework.test.context.web.ServletTestExecutionListener@5d852761, org.springframework.test.context.support.DirtiesContextBeforeModesTestExecutionListener@106f566b, org.springframework.test.context.event.ApplicationEventsTestExecutionListener@6e8fa647, org.springframework.boot.test.mock.mockito.MockitoTestExecutionListener@12eb281f, org.springframework.boot.test.autoconfigure.SpringBootDependencyInjectionTestExecutionListener@6621ab0c, org.springframework.test.context.support.DirtiesContextTestExecutionListener@c1765ad, org.springframework.test.context.transaction.TransactionalTestExecutionListener@1fb947f6, org.springframework.test.context.jdbc.SqlScriptsTestExecutionListener@54d93fce, org.springframework.test.context.event.EventPublishingTestExecutionListener@3f4b9792, org.springframework.boot.test.mock.mockito.ResetMocksTestExecutionListener@8c6a7db, org.springframework.boot.test.autoconfigure.restdocs.RestDocsTestExecutionListener@5d95c7c2, org.springframework.boot.test.autoconfigure.web.client.MockRestServiceServerResetTestExecutionListener@40afa4f1, org.springframework.boot.test.autoconfigure.web.servlet.MockMvcPrintOnlyOnFailureTestExecutionListener@233b5c71, org.springframework.boot.test.autoconfigure.web.servlet.WebDriverTestExecutionListener@1e7edfb2, org.springframework.boot.test.autoconfigure.webservices.client.MockWebServiceServerTestExecutionListener@6d26b068]
""2022-07-11 15:19:04 [main] INFO  c.c.c.s.PortfolioDetailServiceTest - Starting PortfolioDetailServiceTest using Java 18.0.1.1 on DESKTOP-CKEOMJT with PID 13008 (started by AshirwadComp in F:\Portfolio_Management_System\CalculateNetworth)
""2022-07-11 15:19:04 [main] INFO  c.c.c.s.PortfolioDetailServiceTest - No active profile set, falling back to 1 default profile: "default"
""2022-07-11 15:19:05 [main] INFO  o.s.d.r.c.RepositoryConfigurationDelegate - Bootstrapping Spring Data JPA repositories in DEFAULT mode.
""2022-07-11 15:19:05 [main] INFO  o.s.d.r.c.RepositoryConfigurationDelegate - Finished Spring Data repository scanning in 25 ms. Found 3 JPA repository interfaces.
""2022-07-11 15:19:05 [main] INFO  o.s.cloud.context.scope.GenericScope - BeanFactory id=c795f968-27bf-33be-8216-ba13cb118e8e
""2022-07-11 15:19:06 [main] INFO  com.zaxxer.hikari.HikariDataSource - HikariPool-3 - Starting...
""2022-07-11 15:19:06 [main] INFO  com.zaxxer.hikari.HikariDataSource - HikariPool-3 - Start completed.
""2022-07-11 15:19:06 [main] INFO  o.h.jpa.internal.util.LogHelper - HHH000204: Processing PersistenceUnitInfo [name: default]
""2022-07-11 15:19:06 [main] INFO  org.hibernate.dialect.Dialect - HHH000400: Using dialect: org.hibernate.dialect.H2Dialect
""2022-07-11 15:19:06 [main] INFO  o.h.e.t.j.p.i.JtaPlatformInitiator - HHH000490: Using JtaPlatform implementation: [org.hibernate.engine.transaction.jta.platform.internal.NoJtaPlatform]
""2022-07-11 15:19:06 [main] INFO  o.s.o.j.LocalContainerEntityManagerFactoryBean - Initialized JPA EntityManagerFactory for persistence unit 'default'
""2022-07-11 15:19:06 [main] WARN  o.s.b.a.o.j.JpaBaseConfiguration$JpaWebConfiguration - spring.jpa.open-in-view is enabled by default. Therefore, database queries may be performed during view rendering. Explicitly configure spring.jpa.open-in-view to disable this warning
""2022-07-11 15:19:06 [main] INFO  o.s.b.a.h.H2ConsoleAutoConfiguration - H2 console available at '/h2-console'. Database available at 'jdbc:h2:mem:pms'
""2022-07-11 15:19:08 [main] INFO  c.c.c.s.PortfolioDetailServiceTest - Started PortfolioDetailServiceTest in 4.177 seconds (JVM running for 46.757)
""2022-07-11 15:19:08 [main] INFO  o.s.b.t.c.SpringBootTestContextBootstrapper - Neither @ContextConfiguration nor @ContextHierarchy found for test class [com.cts.calculatenetworth.service.StockDetailServiceTest], using SpringBootContextLoader
""2022-07-11 15:19:08 [main] INFO  o.s.t.c.s.AbstractContextLoader - Could not detect default resource locations for test class [com.cts.calculatenetworth.service.StockDetailServiceTest]: no resource found for suffixes {-context.xml, Context.groovy}.
""2022-07-11 15:19:08 [main] INFO  o.s.t.c.s.AnnotationConfigContextLoaderUtils - Could not detect default configuration classes for test class [com.cts.calculatenetworth.service.StockDetailServiceTest]: StockDetailServiceTest does not declare any static, non-private, non-final, nested classes annotated with @Configuration.
""2022-07-11 15:19:08 [main] INFO  o.s.b.t.c.SpringBootTestContextBootstrapper - Found @SpringBootConfiguration com.cts.calculatenetworth.CalculateNetworthApplication for test class com.cts.calculatenetworth.service.StockDetailServiceTest
""2022-07-11 15:19:08 [main] INFO  o.s.b.t.c.SpringBootTestContextBootstrapper - Loaded default TestExecutionListener class names from location [META-INF/spring.factories]: [org.springframework.boot.test.mock.mockito.MockitoTestExecutionListener, org.springframework.boot.test.mock.mockito.ResetMocksTestExecutionListener, org.springframework.boot.test.autoconfigure.restdocs.RestDocsTestExecutionListener, org.springframework.boot.test.autoconfigure.web.client.MockRestServiceServerResetTestExecutionListener, org.springframework.boot.test.autoconfigure.web.servlet.MockMvcPrintOnlyOnFailureTestExecutionListener, org.springframework.boot.test.autoconfigure.web.servlet.WebDriverTestExecutionListener, org.springframework.boot.test.autoconfigure.webservices.client.MockWebServiceServerTestExecutionListener, org.springframework.test.context.web.ServletTestExecutionListener, org.springframework.test.context.support.DirtiesContextBeforeModesTestExecutionListener, org.springframework.test.context.event.ApplicationEventsTestExecutionListener, org.springframework.test.context.support.DependencyInjectionTestExecutionListener, org.springframework.test.context.support.DirtiesContextTestExecutionListener, org.springframework.test.context.transaction.TransactionalTestExecutionListener, org.springframework.test.context.jdbc.SqlScriptsTestExecutionListener, org.springframework.test.context.event.EventPublishingTestExecutionListener]
""2022-07-11 15:19:08 [main] INFO  o.s.b.t.c.SpringBootTestContextBootstrapper - Using TestExecutionListeners: [org.springframework.test.context.web.ServletTestExecutionListener@3b977a31, org.springframework.test.context.support.DirtiesContextBeforeModesTestExecutionListener@3cce6db1, org.springframework.test.context.event.ApplicationEventsTestExecutionListener@24331ab6, org.springframework.boot.test.mock.mockito.MockitoTestExecutionListener@35a6f370, org.springframework.boot.test.autoconfigure.SpringBootDependencyInjectionTestExecutionListener@35e04107, org.springframework.test.context.support.DirtiesContextTestExecutionListener@7a8c01ef, org.springframework.test.context.transaction.TransactionalTestExecutionListener@465652a2, org.springframework.test.context.jdbc.SqlScriptsTestExecutionListener@4469046b, org.springframework.test.context.event.EventPublishingTestExecutionListener@73b68d98, org.springframework.boot.test.mock.mockito.ResetMocksTestExecutionListener@69af6978, org.springframework.boot.test.autoconfigure.restdocs.RestDocsTestExecutionListener@1d18e5ad, org.springframework.boot.test.autoconfigure.web.client.MockRestServiceServerResetTestExecutionListener@11def039, org.springframework.boot.test.autoconfigure.web.servlet.MockMvcPrintOnlyOnFailureTestExecutionListener@564375d7, org.springframework.boot.test.autoconfigure.web.servlet.WebDriverTestExecutionListener@44b522ce, org.springframework.boot.test.autoconfigure.webservices.client.MockWebServiceServerTestExecutionListener@1e5a8278]
""2022-07-11 15:19:08 [main] INFO  c.c.c.service.StockDetailServiceTest - Starting StockDetailServiceTest using Java 18.0.1.1 on DESKTOP-CKEOMJT with PID 13008 (started by AshirwadComp in F:\Portfolio_Management_System\CalculateNetworth)
""2022-07-11 15:19:08 [main] INFO  c.c.c.service.StockDetailServiceTest - No active profile set, falling back to 1 default profile: "default"
""2022-07-11 15:19:09 [main] INFO  o.s.d.r.c.RepositoryConfigurationDelegate - Bootstrapping Spring Data JPA repositories in DEFAULT mode.
""2022-07-11 15:19:09 [main] INFO  o.s.d.r.c.RepositoryConfigurationDelegate - Finished Spring Data repository scanning in 15 ms. Found 3 JPA repository interfaces.
""2022-07-11 15:19:09 [main] INFO  o.s.cloud.context.scope.GenericScope - BeanFactory id=c795f968-27bf-33be-8216-ba13cb118e8e
""2022-07-11 15:19:09 [main] INFO  com.zaxxer.hikari.HikariDataSource - HikariPool-4 - Starting...
""2022-07-11 15:19:09 [main] INFO  com.zaxxer.hikari.HikariDataSource - HikariPool-4 - Start completed.
""2022-07-11 15:19:09 [main] INFO  o.h.jpa.internal.util.LogHelper - HHH000204: Processing PersistenceUnitInfo [name: default]
""2022-07-11 15:19:09 [main] INFO  org.hibernate.dialect.Dialect - HHH000400: Using dialect: org.hibernate.dialect.H2Dialect
""2022-07-11 15:19:09 [main] INFO  o.h.e.t.j.p.i.JtaPlatformInitiator - HHH000490: Using JtaPlatform implementation: [org.hibernate.engine.transaction.jta.platform.internal.NoJtaPlatform]
""2022-07-11 15:19:09 [main] INFO  o.s.o.j.LocalContainerEntityManagerFactoryBean - Initialized JPA EntityManagerFactory for persistence unit 'default'
""2022-07-11 15:19:10 [main] WARN  o.s.b.a.o.j.JpaBaseConfiguration$JpaWebConfiguration - spring.jpa.open-in-view is enabled by default. Therefore, database queries may be performed during view rendering. Explicitly configure spring.jpa.open-in-view to disable this warning
""2022-07-11 15:19:10 [main] INFO  o.s.b.a.h.H2ConsoleAutoConfiguration - H2 console available at '/h2-console'. Database available at 'jdbc:h2:mem:pms'
""2022-07-11 15:19:12 [main] INFO  c.c.c.service.StockDetailServiceTest - Started StockDetailServiceTest in 3.459 seconds (JVM running for 50.288)
""2022-07-11 15:19:12 [SpringApplicationShutdownHook] INFO  o.s.o.j.LocalContainerEntityManagerFactoryBean - Closing JPA EntityManagerFactory for persistence unit 'default'
""2022-07-11 15:19:12 [SpringApplicationShutdownHook] INFO  com.zaxxer.hikari.HikariDataSource - HikariPool-1 - Shutdown initiated...
""2022-07-11 15:19:12 [SpringApplicationShutdownHook] INFO  com.zaxxer.hikari.HikariDataSource - HikariPool-1 - Shutdown completed.
""2022-07-11 15:19:12 [SpringApplicationShutdownHook] INFO  o.s.o.j.LocalContainerEntityManagerFactoryBean - Closing JPA EntityManagerFactory for persistence unit 'default'
""2022-07-11 15:19:12 [SpringApplicationShutdownHook] INFO  com.zaxxer.hikari.HikariDataSource - HikariPool-2 - Shutdown initiated...
""2022-07-11 15:19:12 [SpringApplicationShutdownHook] INFO  com.zaxxer.hikari.HikariDataSource - HikariPool-2 - Shutdown completed.
""2022-07-11 15:19:12 [SpringApplicationShutdownHook] INFO  o.s.o.j.LocalContainerEntityManagerFactoryBean - Closing JPA EntityManagerFactory for persistence unit 'default'
""2022-07-11 15:19:12 [SpringApplicationShutdownHook] INFO  com.zaxxer.hikari.HikariDataSource - HikariPool-3 - Shutdown initiated...
""2022-07-11 15:19:12 [SpringApplicationShutdownHook] INFO  com.zaxxer.hikari.HikariDataSource - HikariPool-3 - Shutdown completed.
""2022-07-11 15:19:12 [SpringApplicationShutdownHook] INFO  o.s.o.j.LocalContainerEntityManagerFactoryBean - Closing JPA EntityManagerFactory for persistence unit 'default'
""2022-07-11 15:19:12 [SpringApplicationShutdownHook] INFO  com.zaxxer.hikari.HikariDataSource - HikariPool-4 - Shutdown initiated...
""2022-07-11 15:19:12 [SpringApplicationShutdownHook] INFO  com.zaxxer.hikari.HikariDataSource - HikariPool-4 - Shutdown completed.
""2022-07-11 17:04:00 [main] INFO  c.c.c.CalculateNetworthApplicationTests - Starting CalculateNetworthApplicationTests using Java 18.0.1.1 on DESKTOP-CKEOMJT with PID 7472 (started by AshirwadComp in F:\Portfolio_Management_System\CalculateNetworth)
""2022-07-11 17:04:00 [main] INFO  c.c.c.CalculateNetworthApplicationTests - No active profile set, falling back to 1 default profile: "default"
""2022-07-11 17:04:13 [main] INFO  o.s.d.r.c.RepositoryConfigurationDelegate - Bootstrapping Spring Data JPA repositories in DEFAULT mode.
""2022-07-11 17:04:13 [main] INFO  o.s.d.r.c.RepositoryConfigurationDelegate - Finished Spring Data repository scanning in 399 ms. Found 3 JPA repository interfaces.
""2022-07-11 17:04:15 [main] INFO  o.s.cloud.context.scope.GenericScope - BeanFactory id=c795f968-27bf-33be-8216-ba13cb118e8e
""2022-07-11 17:04:17 [main] INFO  com.zaxxer.hikari.HikariDataSource - HikariPool-1 - Starting...
""2022-07-11 17:04:19 [main] INFO  com.zaxxer.hikari.HikariDataSource - HikariPool-1 - Start completed.
""2022-07-11 17:04:20 [main] INFO  o.h.jpa.internal.util.LogHelper - HHH000204: Processing PersistenceUnitInfo [name: default]
""2022-07-11 17:04:21 [main] INFO  org.hibernate.Version - HHH000412: Hibernate ORM core version 5.6.5.Final
""2022-07-11 17:04:24 [main] INFO  o.h.annotations.common.Version - HCANN000001: Hibernate Commons Annotations {5.1.2.Final}
""2022-07-11 17:04:26 [main] INFO  org.hibernate.dialect.Dialect - HHH000400: Using dialect: org.hibernate.dialect.H2Dialect
""2022-07-11 17:04:33 [main] INFO  o.h.e.t.j.p.i.JtaPlatformInitiator - HHH000490: Using JtaPlatform implementation: [org.hibernate.engine.transaction.jta.platform.internal.NoJtaPlatform]
""2022-07-11 17:04:33 [main] INFO  o.s.o.j.LocalContainerEntityManagerFactoryBean - Initialized JPA EntityManagerFactory for persistence unit 'default'
""2022-07-11 17:04:37 [main] WARN  o.s.b.a.o.j.JpaBaseConfiguration$JpaWebConfiguration - spring.jpa.open-in-view is enabled by default. Therefore, database queries may be performed during view rendering. Explicitly configure spring.jpa.open-in-view to disable this warning
""2022-07-11 17:04:37 [main] INFO  o.s.b.a.h.H2ConsoleAutoConfiguration - H2 console available at '/h2-console'. Database available at 'jdbc:h2:mem:pms'
""2022-07-11 17:04:45 [main] INFO  c.c.c.CalculateNetworthApplicationTests - Started CalculateNetworthApplicationTests in 49.455 seconds (JVM running for 61.872)
""2022-07-11 17:04:47 [main] INFO  o.s.b.t.a.w.s.WebMvcTestContextBootstrapper - Neither @ContextConfiguration nor @ContextHierarchy found for test class [com.cts.calculatenetworth.controller.NetworthControllerTest], using SpringBootContextLoader
""2022-07-11 17:04:47 [main] INFO  o.s.t.c.s.AbstractContextLoader - Could not detect default resource locations for test class [com.cts.calculatenetworth.controller.NetworthControllerTest]: no resource found for suffixes {-context.xml, Context.groovy}.
""2022-07-11 17:04:47 [main] INFO  o.s.t.c.s.AnnotationConfigContextLoaderUtils - Could not detect default configuration classes for test class [com.cts.calculatenetworth.controller.NetworthControllerTest]: NetworthControllerTest does not declare any static, non-private, non-final, nested classes annotated with @Configuration.
""2022-07-11 17:04:48 [main] INFO  o.s.b.t.c.SpringBootTestContextBootstrapper - Found @SpringBootConfiguration com.cts.calculatenetworth.CalculateNetworthApplication for test class com.cts.calculatenetworth.controller.NetworthControllerTest
""2022-07-11 17:04:48 [main] INFO  o.s.b.t.a.w.s.WebMvcTestContextBootstrapper - Loaded default TestExecutionListener class names from location [META-INF/spring.factories]: [org.springframework.boot.test.mock.mockito.MockitoTestExecutionListener, org.springframework.boot.test.mock.mockito.ResetMocksTestExecutionListener, org.springframework.boot.test.autoconfigure.restdocs.RestDocsTestExecutionListener, org.springframework.boot.test.autoconfigure.web.client.MockRestServiceServerResetTestExecutionListener, org.springframework.boot.test.autoconfigure.web.servlet.MockMvcPrintOnlyOnFailureTestExecutionListener, org.springframework.boot.test.autoconfigure.web.servlet.WebDriverTestExecutionListener, org.springframework.boot.test.autoconfigure.webservices.client.MockWebServiceServerTestExecutionListener, org.springframework.test.context.web.ServletTestExecutionListener, org.springframework.test.context.support.DirtiesContextBeforeModesTestExecutionListener, org.springframework.test.context.event.ApplicationEventsTestExecutionListener, org.springframework.test.context.support.DependencyInjectionTestExecutionListener, org.springframework.test.context.support.DirtiesContextTestExecutionListener, org.springframework.test.context.transaction.TransactionalTestExecutionListener, org.springframework.test.context.jdbc.SqlScriptsTestExecutionListener, org.springframework.test.context.event.EventPublishingTestExecutionListener]
""2022-07-11 17:04:48 [main] INFO  o.s.b.t.a.w.s.WebMvcTestContextBootstrapper - Using TestExecutionListeners: [org.springframework.test.context.web.ServletTestExecutionListener@2ecb87b2, org.springframework.test.context.support.DirtiesContextBeforeModesTestExecutionListener@1704437b, org.springframework.test.context.event.ApplicationEventsTestExecutionListener@1f4083ac, org.springframework.boot.test.mock.mockito.MockitoTestExecutionListener@3cb4f1a6, org.springframework.boot.test.autoconfigure.SpringBootDependencyInjectionTestExecutionListener@4e301795, org.springframework.test.context.support.DirtiesContextTestExecutionListener@7b1a9ab3, org.springframework.test.context.transaction.TransactionalTestExecutionListener@605c2b9f, org.springframework.test.context.jdbc.SqlScriptsTestExecutionListener@7bfedff3, org.springframework.test.context.event.EventPublishingTestExecutionListener@35bcf3a6, org.springframework.boot.test.mock.mockito.ResetMocksTestExecutionListener@1adc38a0, org.springframework.boot.test.autoconfigure.restdocs.RestDocsTestExecutionListener@1b5df8b7, org.springframework.boot.test.autoconfigure.web.client.MockRestServiceServerResetTestExecutionListener@1651bd68, org.springframework.boot.test.autoconfigure.web.servlet.MockMvcPrintOnlyOnFailureTestExecutionListener@44a25dc7, org.springframework.boot.test.autoconfigure.web.servlet.WebDriverTestExecutionListener@3fc064cb, org.springframework.boot.test.autoconfigure.webservices.client.MockWebServiceServerTestExecutionListener@4bacabc4]
""2022-07-11 17:04:48 [main] INFO  c.c.c.c.NetworthControllerTest - Starting NetworthControllerTest using Java 18.0.1.1 on DESKTOP-CKEOMJT with PID 7472 (started by AshirwadComp in F:\Portfolio_Management_System\CalculateNetworth)
""2022-07-11 17:04:48 [main] INFO  c.c.c.c.NetworthControllerTest - No active profile set, falling back to 1 default profile: "default"
""2022-07-11 17:04:51 [main] INFO  o.s.b.t.m.w.SpringBootMockServletContext - Initializing Spring TestDispatcherServlet ''
""2022-07-11 17:04:51 [main] INFO  o.s.t.w.s.TestDispatcherServlet - Initializing Servlet ''
""2022-07-11 17:04:51 [main] INFO  o.s.t.w.s.TestDispatcherServlet - Completed initialization in 4 ms
""2022-07-11 17:04:51 [main] INFO  c.c.c.c.NetworthControllerTest - Started NetworthControllerTest in 3.56 seconds (JVM running for 68.141)
""2022-07-11 17:04:52 [main] INFO  c.c.c.controller.NetworthController - calculating networth....
""2022-07-11 17:04:52 [main] INFO  c.c.c.controller.NetworthController - finding portfolio by id...
""2022-07-11 17:04:52 [main] INFO  o.s.b.t.c.SpringBootTestContextBootstrapper - Neither @ContextConfiguration nor @ContextHierarchy found for test class [com.cts.calculatenetworth.service.MutualFundServiceTest], using SpringBootContextLoader
""2022-07-11 17:04:52 [main] INFO  o.s.t.c.s.AbstractContextLoader - Could not detect default resource locations for test class [com.cts.calculatenetworth.service.MutualFundServiceTest]: no resource found for suffixes {-context.xml, Context.groovy}.
""2022-07-11 17:04:52 [main] INFO  o.s.t.c.s.AnnotationConfigContextLoaderUtils - Could not detect default configuration classes for test class [com.cts.calculatenetworth.service.MutualFundServiceTest]: MutualFundServiceTest does not declare any static, non-private, non-final, nested classes annotated with @Configuration.
""2022-07-11 17:04:52 [main] INFO  o.s.b.t.c.SpringBootTestContextBootstrapper - Found @SpringBootConfiguration com.cts.calculatenetworth.CalculateNetworthApplication for test class com.cts.calculatenetworth.service.MutualFundServiceTest
""2022-07-11 17:04:52 [main] INFO  o.s.b.t.c.SpringBootTestContextBootstrapper - Loaded default TestExecutionListener class names from location [META-INF/spring.factories]: [org.springframework.boot.test.mock.mockito.MockitoTestExecutionListener, org.springframework.boot.test.mock.mockito.ResetMocksTestExecutionListener, org.springframework.boot.test.autoconfigure.restdocs.RestDocsTestExecutionListener, org.springframework.boot.test.autoconfigure.web.client.MockRestServiceServerResetTestExecutionListener, org.springframework.boot.test.autoconfigure.web.servlet.MockMvcPrintOnlyOnFailureTestExecutionListener, org.springframework.boot.test.autoconfigure.web.servlet.WebDriverTestExecutionListener, org.springframework.boot.test.autoconfigure.webservices.client.MockWebServiceServerTestExecutionListener, org.springframework.test.context.web.ServletTestExecutionListener, org.springframework.test.context.support.DirtiesContextBeforeModesTestExecutionListener, org.springframework.test.context.event.ApplicationEventsTestExecutionListener, org.springframework.test.context.support.DependencyInjectionTestExecutionListener, org.springframework.test.context.support.DirtiesContextTestExecutionListener, org.springframework.test.context.transaction.TransactionalTestExecutionListener, org.springframework.test.context.jdbc.SqlScriptsTestExecutionListener, org.springframework.test.context.event.EventPublishingTestExecutionListener]
""2022-07-11 17:04:52 [main] INFO  o.s.b.t.c.SpringBootTestContextBootstrapper - Using TestExecutionListeners: [org.springframework.test.context.web.ServletTestExecutionListener@a6cb2c9, org.springframework.test.context.support.DirtiesContextBeforeModesTestExecutionListener@3c32f3d8, org.springframework.test.context.event.ApplicationEventsTestExecutionListener@46700301, org.springframework.boot.test.mock.mockito.MockitoTestExecutionListener@17f4276b, org.springframework.boot.test.autoconfigure.SpringBootDependencyInjectionTestExecutionListener@786125a6, org.springframework.test.context.support.DirtiesContextTestExecutionListener@53e6b541, org.springframework.test.context.transaction.TransactionalTestExecutionListener@1548dc37, org.springframework.test.context.jdbc.SqlScriptsTestExecutionListener@23317e8a, org.springframework.test.context.event.EventPublishingTestExecutionListener@520c235f, org.springframework.boot.test.mock.mockito.ResetMocksTestExecutionListener@3426d8e2, org.springframework.boot.test.autoconfigure.restdocs.RestDocsTestExecutionListener@675c1335, org.springframework.boot.test.autoconfigure.web.client.MockRestServiceServerResetTestExecutionListener@4f31e47a, org.springframework.boot.test.autoconfigure.web.servlet.MockMvcPrintOnlyOnFailureTestExecutionListener@7c142018, org.springframework.boot.test.autoconfigure.web.servlet.WebDriverTestExecutionListener@7ef706b0, org.springframework.boot.test.autoconfigure.webservices.client.MockWebServiceServerTestExecutionListener@793577e0]
""2022-07-11 17:04:52 [main] INFO  c.c.c.service.MutualFundServiceTest - Starting MutualFundServiceTest using Java 18.0.1.1 on DESKTOP-CKEOMJT with PID 7472 (started by AshirwadComp in F:\Portfolio_Management_System\CalculateNetworth)
""2022-07-11 17:04:52 [main] INFO  c.c.c.service.MutualFundServiceTest - No active profile set, falling back to 1 default profile: "default"
""2022-07-11 17:04:53 [main] INFO  o.s.d.r.c.RepositoryConfigurationDelegate - Bootstrapping Spring Data JPA repositories in DEFAULT mode.
""2022-07-11 17:04:53 [main] INFO  o.s.d.r.c.RepositoryConfigurationDelegate - Finished Spring Data repository scanning in 23 ms. Found 3 JPA repository interfaces.
""2022-07-11 17:04:53 [main] INFO  o.s.cloud.context.scope.GenericScope - BeanFactory id=c795f968-27bf-33be-8216-ba13cb118e8e
""2022-07-11 17:04:53 [main] INFO  com.zaxxer.hikari.HikariDataSource - HikariPool-2 - Starting...
""2022-07-11 17:04:53 [main] INFO  com.zaxxer.hikari.HikariDataSource - HikariPool-2 - Start completed.
""2022-07-11 17:04:54 [main] INFO  o.h.jpa.internal.util.LogHelper - HHH000204: Processing PersistenceUnitInfo [name: default]
""2022-07-11 17:04:54 [main] INFO  org.hibernate.dialect.Dialect - HHH000400: Using dialect: org.hibernate.dialect.H2Dialect
""2022-07-11 17:04:54 [main] INFO  o.h.e.t.j.p.i.JtaPlatformInitiator - HHH000490: Using JtaPlatform implementation: [org.hibernate.engine.transaction.jta.platform.internal.NoJtaPlatform]
""2022-07-11 17:04:54 [main] INFO  o.s.o.j.LocalContainerEntityManagerFactoryBean - Initialized JPA EntityManagerFactory for persistence unit 'default'
""2022-07-11 17:04:54 [main] WARN  o.s.b.a.o.j.JpaBaseConfiguration$JpaWebConfiguration - spring.jpa.open-in-view is enabled by default. Therefore, database queries may be performed during view rendering. Explicitly configure spring.jpa.open-in-view to disable this warning
""2022-07-11 17:04:54 [main] INFO  o.s.b.a.h.H2ConsoleAutoConfiguration - H2 console available at '/h2-console'. Database available at 'jdbc:h2:mem:pms'
""2022-07-11 17:04:56 [main] INFO  c.c.c.service.MutualFundServiceTest - Started MutualFundServiceTest in 3.626 seconds (JVM running for 72.418)
""2022-07-11 17:04:56 [main] INFO  o.s.b.t.c.SpringBootTestContextBootstrapper - Neither @ContextConfiguration nor @ContextHierarchy found for test class [com.cts.calculatenetworth.service.PortfolioDetailServiceTest], using SpringBootContextLoader
""2022-07-11 17:04:56 [main] INFO  o.s.t.c.s.AbstractContextLoader - Could not detect default resource locations for test class [com.cts.calculatenetworth.service.PortfolioDetailServiceTest]: no resource found for suffixes {-context.xml, Context.groovy}.
""2022-07-11 17:04:56 [main] INFO  o.s.t.c.s.AnnotationConfigContextLoaderUtils - Could not detect default configuration classes for test class [com.cts.calculatenetworth.service.PortfolioDetailServiceTest]: PortfolioDetailServiceTest does not declare any static, non-private, non-final, nested classes annotated with @Configuration.
""2022-07-11 17:04:56 [main] INFO  o.s.b.t.c.SpringBootTestContextBootstrapper - Found @SpringBootConfiguration com.cts.calculatenetworth.CalculateNetworthApplication for test class com.cts.calculatenetworth.service.PortfolioDetailServiceTest
""2022-07-11 17:04:56 [main] INFO  o.s.b.t.c.SpringBootTestContextBootstrapper - Loaded default TestExecutionListener class names from location [META-INF/spring.factories]: [org.springframework.boot.test.mock.mockito.MockitoTestExecutionListener, org.springframework.boot.test.mock.mockito.ResetMocksTestExecutionListener, org.springframework.boot.test.autoconfigure.restdocs.RestDocsTestExecutionListener, org.springframework.boot.test.autoconfigure.web.client.MockRestServiceServerResetTestExecutionListener, org.springframework.boot.test.autoconfigure.web.servlet.MockMvcPrintOnlyOnFailureTestExecutionListener, org.springframework.boot.test.autoconfigure.web.servlet.WebDriverTestExecutionListener, org.springframework.boot.test.autoconfigure.webservices.client.MockWebServiceServerTestExecutionListener, org.springframework.test.context.web.ServletTestExecutionListener, org.springframework.test.context.support.DirtiesContextBeforeModesTestExecutionListener, org.springframework.test.context.event.ApplicationEventsTestExecutionListener, org.springframework.test.context.support.DependencyInjectionTestExecutionListener, org.springframework.test.context.support.DirtiesContextTestExecutionListener, org.springframework.test.context.transaction.TransactionalTestExecutionListener, org.springframework.test.context.jdbc.SqlScriptsTestExecutionListener, org.springframework.test.context.event.EventPublishingTestExecutionListener]
""2022-07-11 17:04:56 [main] INFO  o.s.b.t.c.SpringBootTestContextBootstrapper - Using TestExecutionListeners: [org.springframework.test.context.web.ServletTestExecutionListener@6fa84885, org.springframework.test.context.support.DirtiesContextBeforeModesTestExecutionListener@452c8a6c, org.springframework.test.context.event.ApplicationEventsTestExecutionListener@2dc0cbbc, org.springframework.boot.test.mock.mockito.MockitoTestExecutionListener@16b6493d, org.springframework.boot.test.autoconfigure.SpringBootDependencyInjectionTestExecutionListener@3bf7c70e, org.springframework.test.context.support.DirtiesContextTestExecutionListener@1aa945f6, org.springframework.test.context.transaction.TransactionalTestExecutionListener@319fe034, org.springframework.test.context.jdbc.SqlScriptsTestExecutionListener@15c4b89b, org.springframework.test.context.event.EventPublishingTestExecutionListener@100ed29a, org.springframework.boot.test.mock.mockito.ResetMocksTestExecutionListener@4058b398, org.springframework.boot.test.autoconfigure.restdocs.RestDocsTestExecutionListener@e0865e7, org.springframework.boot.test.autoconfigure.web.client.MockRestServiceServerResetTestExecutionListener@3eb814dd, org.springframework.boot.test.autoconfigure.web.servlet.MockMvcPrintOnlyOnFailureTestExecutionListener@58c48b92, org.springframework.boot.test.autoconfigure.web.servlet.WebDriverTestExecutionListener@5d852761, org.springframework.boot.test.autoconfigure.webservices.client.MockWebServiceServerTestExecutionListener@106f566b]
""2022-07-11 17:04:56 [main] INFO  c.c.c.s.PortfolioDetailServiceTest - Starting PortfolioDetailServiceTest using Java 18.0.1.1 on DESKTOP-CKEOMJT with PID 7472 (started by AshirwadComp in F:\Portfolio_Management_System\CalculateNetworth)
""2022-07-11 17:04:56 [main] INFO  c.c.c.s.PortfolioDetailServiceTest - No active profile set, falling back to 1 default profile: "default"
""2022-07-11 17:04:57 [main] INFO  o.s.d.r.c.RepositoryConfigurationDelegate - Bootstrapping Spring Data JPA repositories in DEFAULT mode.
""2022-07-11 17:04:57 [main] INFO  o.s.d.r.c.RepositoryConfigurationDelegate - Finished Spring Data repository scanning in 29 ms. Found 3 JPA repository interfaces.
""2022-07-11 17:04:57 [main] INFO  o.s.cloud.context.scope.GenericScope - BeanFactory id=c795f968-27bf-33be-8216-ba13cb118e8e
""2022-07-11 17:04:57 [main] INFO  com.zaxxer.hikari.HikariDataSource - HikariPool-3 - Starting...
""2022-07-11 17:04:57 [main] INFO  com.zaxxer.hikari.HikariDataSource - HikariPool-3 - Start completed.
""2022-07-11 17:04:57 [main] INFO  o.h.jpa.internal.util.LogHelper - HHH000204: Processing PersistenceUnitInfo [name: default]
""2022-07-11 17:04:57 [main] INFO  org.hibernate.dialect.Dialect - HHH000400: Using dialect: org.hibernate.dialect.H2Dialect
""2022-07-11 17:04:57 [main] INFO  o.h.e.t.j.p.i.JtaPlatformInitiator - HHH000490: Using JtaPlatform implementation: [org.hibernate.engine.transaction.jta.platform.internal.NoJtaPlatform]
""2022-07-11 17:04:57 [main] INFO  o.s.o.j.LocalContainerEntityManagerFactoryBean - Initialized JPA EntityManagerFactory for persistence unit 'default'
""2022-07-11 17:04:58 [main] WARN  o.s.b.a.o.j.JpaBaseConfiguration$JpaWebConfiguration - spring.jpa.open-in-view is enabled by default. Therefore, database queries may be performed during view rendering. Explicitly configure spring.jpa.open-in-view to disable this warning
""2022-07-11 17:04:58 [main] INFO  o.s.b.a.h.H2ConsoleAutoConfiguration - H2 console available at '/h2-console'. Database available at 'jdbc:h2:mem:pms'
""2022-07-11 17:04:59 [main] INFO  c.c.c.s.PortfolioDetailServiceTest - Started PortfolioDetailServiceTest in 3.423 seconds (JVM running for 76.038)
""2022-07-11 17:04:59 [main] INFO  o.s.b.t.c.SpringBootTestContextBootstrapper - Neither @ContextConfiguration nor @ContextHierarchy found for test class [com.cts.calculatenetworth.service.StockDetailServiceTest], using SpringBootContextLoader
""2022-07-11 17:04:59 [main] INFO  o.s.t.c.s.AbstractContextLoader - Could not detect default resource locations for test class [com.cts.calculatenetworth.service.StockDetailServiceTest]: no resource found for suffixes {-context.xml, Context.groovy}.
""2022-07-11 17:04:59 [main] INFO  o.s.t.c.s.AnnotationConfigContextLoaderUtils - Could not detect default configuration classes for test class [com.cts.calculatenetworth.service.StockDetailServiceTest]: StockDetailServiceTest does not declare any static, non-private, non-final, nested classes annotated with @Configuration.
""2022-07-11 17:04:59 [main] INFO  o.s.b.t.c.SpringBootTestContextBootstrapper - Found @SpringBootConfiguration com.cts.calculatenetworth.CalculateNetworthApplication for test class com.cts.calculatenetworth.service.StockDetailServiceTest
""2022-07-11 17:04:59 [main] INFO  o.s.b.t.c.SpringBootTestContextBootstrapper - Loaded default TestExecutionListener class names from location [META-INF/spring.factories]: [org.springframework.boot.test.mock.mockito.MockitoTestExecutionListener, org.springframework.boot.test.mock.mockito.ResetMocksTestExecutionListener, org.springframework.boot.test.autoconfigure.restdocs.RestDocsTestExecutionListener, org.springframework.boot.test.autoconfigure.web.client.MockRestServiceServerResetTestExecutionListener, org.springframework.boot.test.autoconfigure.web.servlet.MockMvcPrintOnlyOnFailureTestExecutionListener, org.springframework.boot.test.autoconfigure.web.servlet.WebDriverTestExecutionListener, org.springframework.boot.test.autoconfigure.webservices.client.MockWebServiceServerTestExecutionListener, org.springframework.test.context.web.ServletTestExecutionListener, org.springframework.test.context.support.DirtiesContextBeforeModesTestExecutionListener, org.springframework.test.context.event.ApplicationEventsTestExecutionListener, org.springframework.test.context.support.DependencyInjectionTestExecutionListener, org.springframework.test.context.support.DirtiesContextTestExecutionListener, org.springframework.test.context.transaction.TransactionalTestExecutionListener, org.springframework.test.context.jdbc.SqlScriptsTestExecutionListener, org.springframework.test.context.event.EventPublishingTestExecutionListener]
""2022-07-11 17:04:59 [main] INFO  o.s.b.t.c.SpringBootTestContextBootstrapper - Using TestExecutionListeners: [org.springframework.test.context.web.ServletTestExecutionListener@71bebbff, org.springframework.test.context.support.DirtiesContextBeforeModesTestExecutionListener@2740c1e, org.springframework.test.context.event.ApplicationEventsTestExecutionListener@6cb890ac, org.springframework.boot.test.mock.mockito.MockitoTestExecutionListener@7d4d3842, org.springframework.boot.test.autoconfigure.SpringBootDependencyInjectionTestExecutionListener@79a81557, org.springframework.test.context.support.DirtiesContextTestExecutionListener@5b9ee280, org.springframework.test.context.transaction.TransactionalTestExecutionListener@738b34af, org.springframework.test.context.jdbc.SqlScriptsTestExecutionListener@67108db4, org.springframework.test.context.event.EventPublishingTestExecutionListener@5eab3eac, org.springframework.boot.test.mock.mockito.ResetMocksTestExecutionListener@720d5d1b, org.springframework.boot.test.autoconfigure.restdocs.RestDocsTestExecutionListener@588931b9, org.springframework.boot.test.autoconfigure.web.client.MockRestServiceServerResetTestExecutionListener@3b977a31, org.springframework.boot.test.autoconfigure.web.servlet.MockMvcPrintOnlyOnFailureTestExecutionListener@3cce6db1, org.springframework.boot.test.autoconfigure.web.servlet.WebDriverTestExecutionListener@24331ab6, org.springframework.boot.test.autoconfigure.webservices.client.MockWebServiceServerTestExecutionListener@35a6f370]
""2022-07-11 17:05:00 [main] INFO  c.c.c.service.StockDetailServiceTest - Starting StockDetailServiceTest using Java 18.0.1.1 on DESKTOP-CKEOMJT with PID 7472 (started by AshirwadComp in F:\Portfolio_Management_System\CalculateNetworth)
""2022-07-11 17:05:00 [main] INFO  c.c.c.service.StockDetailServiceTest - No active profile set, falling back to 1 default profile: "default"
""2022-07-11 17:05:00 [main] INFO  o.s.d.r.c.RepositoryConfigurationDelegate - Bootstrapping Spring Data JPA repositories in DEFAULT mode.
""2022-07-11 17:05:00 [main] INFO  o.s.d.r.c.RepositoryConfigurationDelegate - Finished Spring Data repository scanning in 16 ms. Found 3 JPA repository interfaces.
""2022-07-11 17:05:00 [main] INFO  o.s.cloud.context.scope.GenericScope - BeanFactory id=c795f968-27bf-33be-8216-ba13cb118e8e
""2022-07-11 17:05:01 [main] INFO  com.zaxxer.hikari.HikariDataSource - HikariPool-4 - Starting...
""2022-07-11 17:05:01 [main] INFO  com.zaxxer.hikari.HikariDataSource - HikariPool-4 - Start completed.
""2022-07-11 17:05:01 [main] INFO  o.h.jpa.internal.util.LogHelper - HHH000204: Processing PersistenceUnitInfo [name: default]
""2022-07-11 17:05:01 [main] INFO  org.hibernate.dialect.Dialect - HHH000400: Using dialect: org.hibernate.dialect.H2Dialect
""2022-07-11 17:05:01 [main] INFO  o.h.e.t.j.p.i.JtaPlatformInitiator - HHH000490: Using JtaPlatform implementation: [org.hibernate.engine.transaction.jta.platform.internal.NoJtaPlatform]
""2022-07-11 17:05:01 [main] INFO  o.s.o.j.LocalContainerEntityManagerFactoryBean - Initialized JPA EntityManagerFactory for persistence unit 'default'
""2022-07-11 17:05:01 [main] WARN  o.s.b.a.o.j.JpaBaseConfiguration$JpaWebConfiguration - spring.jpa.open-in-view is enabled by default. Therefore, database queries may be performed during view rendering. Explicitly configure spring.jpa.open-in-view to disable this warning
""2022-07-11 17:05:01 [main] INFO  o.s.b.a.h.H2ConsoleAutoConfiguration - H2 console available at '/h2-console'. Database available at 'jdbc:h2:mem:pms'
""2022-07-11 17:05:02 [main] INFO  c.c.c.service.StockDetailServiceTest - Started StockDetailServiceTest in 3.207 seconds (JVM running for 79.287)
""2022-07-11 17:05:03 [SpringApplicationShutdownHook] INFO  o.s.o.j.LocalContainerEntityManagerFactoryBean - Closing JPA EntityManagerFactory for persistence unit 'default'
""2022-07-11 17:05:03 [SpringApplicationShutdownHook] INFO  com.zaxxer.hikari.HikariDataSource - HikariPool-1 - Shutdown initiated...
""2022-07-11 17:05:03 [SpringApplicationShutdownHook] INFO  com.zaxxer.hikari.HikariDataSource - HikariPool-1 - Shutdown completed.
""2022-07-11 17:05:03 [SpringApplicationShutdownHook] INFO  o.s.o.j.LocalContainerEntityManagerFactoryBean - Closing JPA EntityManagerFactory for persistence unit 'default'
""2022-07-11 17:05:03 [SpringApplicationShutdownHook] INFO  com.zaxxer.hikari.HikariDataSource - HikariPool-2 - Shutdown initiated...
""2022-07-11 17:05:03 [SpringApplicationShutdownHook] INFO  com.zaxxer.hikari.HikariDataSource - HikariPool-2 - Shutdown completed.
""2022-07-11 17:05:03 [SpringApplicationShutdownHook] INFO  o.s.o.j.LocalContainerEntityManagerFactoryBean - Closing JPA EntityManagerFactory for persistence unit 'default'
""2022-07-11 17:05:03 [SpringApplicationShutdownHook] INFO  com.zaxxer.hikari.HikariDataSource - HikariPool-3 - Shutdown initiated...
""2022-07-11 17:05:03 [SpringApplicationShutdownHook] INFO  com.zaxxer.hikari.HikariDataSource - HikariPool-3 - Shutdown completed.
""2022-07-11 17:05:03 [SpringApplicationShutdownHook] INFO  o.s.o.j.LocalContainerEntityManagerFactoryBean - Closing JPA EntityManagerFactory for persistence unit 'default'
""2022-07-11 17:05:03 [SpringApplicationShutdownHook] INFO  com.zaxxer.hikari.HikariDataSource - HikariPool-4 - Shutdown initiated...
""2022-07-11 17:05:03 [SpringApplicationShutdownHook] INFO  com.zaxxer.hikari.HikariDataSource - HikariPool-4 - Shutdown completed.
"